<?xml version="1.0" encoding="UTF-8"?>
<!-- Generated by org.testng.reporters.JUnitReportReporter -->
<testsuite hostname="APPLEs-iMac.local" name="Android.Practice.twcAppLaunch" tests="1" failures="0" timestamp="22 Jun 2018 10:11:23 GMT" time="190.875" errors="0">
  <testcase name="runTest" time="190.875" classname="Android.Practice.twcAppLaunch"/>
</testsuite> <!-- Android.Practice.twcAppLaunch -->
